# JRE version: OpenJDK Runtime Environment (8.0_152-b01) (build 1.8.0_152-release-915-b01)
# Java VM: OpenJDK 64-Bit Server VM (25.152-b01 mixed mode windows-amd64 compressed oops)
Heap:
 PSYoungGen      total 310272K, used 113596K [0x00000000e0000000, 0x00000000f6c80000, 0x0000000100000000)
  eden space 296960K, 33% used [0x00000000e0000000,0x00000000e62435a0,0x00000000f2200000)
  from space 13312K, 97% used [0x00000000f5f80000,0x00000000f6c2be48,0x00000000f6c80000)
  to   space 29696K, 0% used [0x00000000f3280000,0x00000000f3280000,0x00000000f4f80000)
 ParOldGen       total 181248K, used 47118K [0x00000000a0000000, 0x00000000ab100000, 0x00000000e0000000)
  object space 181248K, 25% used [0x00000000a0000000,0x00000000a2e038d8,0x00000000ab100000)
 Metaspace       used 110686K, capacity 117952K, committed 120920K, reserved 1155072K
  class space    used 13759K, capacity 15402K, committed 16000K, reserved 1048576K
GC Heap History (10 events):
Event: 4690.277 GC heap before
{Heap before GC invocations=49 (full 6):
 PSYoungGen      total 327680K, used 2758K [0x00000000e0000000, 0x00000000f9c80000, 0x0000000100000000)
  eden space 324608K, 0% used [0x00000000e0000000,0x00000000e0000000,0x00000000f3d00000)
  from space 3072K, 89% used [0x00000000f6180000,0x00000000f6431a28,0x00000000f6480000)
  to   space 32256K, 0% used [0x00000000f7d00000,0x00000000f7d00000,0x00000000f9c80000)
 ParOldGen       total 181248K, used 141581K [0x00000000a0000000, 0x00000000ab100000, 0x00000000e0000000)
  object space 181248K, 78% used [0x00000000a0000000,0x00000000a8a43610,0x00000000ab100000)
 Metaspace       used 111916K, capacity 120030K, committed 120152K, reserved 1153024K
  class space    used 14144K, capacity 15904K, committed 16000K, reserved 1048576K
Event: 4691.144 GC heap after
Heap after GC invocations=49 (full 6):
 PSYoungGen      total 327680K, used 0K [0x00000000e0000000, 0x00000000f9c80000, 0x0000000100000000)
  eden space 324608K, 0% used [0x00000000e0000000,0x00000000e0000000,0x00000000f3d00000)
  from space 3072K, 0% used [0x00000000f6180000,0x00000000f6180000,0x00000000f6480000)
  to   space 32256K, 0% used [0x00000000f7d00000,0x00000000f7d00000,0x00000000f9c80000)
 ParOldGen       total 181248K, used 59360K [0x00000000a0000000, 0x00000000ab100000, 0x00000000e0000000)
  object space 181248K, 32% used [0x00000000a0000000,0x00000000a39f81d8,0x00000000ab100000)
 Metaspace       used 109978K, capacity 117102K, committed 120152K, reserved 1153024K
  class space    used 13746K, capacity 15290K, committed 16000K, reserved 1048576K
}
Event: 5678.146 GC heap before
{Heap before GC invocations=50 (full 6):
 PSYoungGen      total 327680K, used 324608K [0x00000000e0000000, 0x00000000f9c80000, 0x0000000100000000)
  eden space 324608K, 100% used [0x00000000e0000000,0x00000000f3d00000,0x00000000f3d00000)
  from space 3072K, 0% used [0x00000000f6180000,0x00000000f6180000,0x00000000f6480000)
  to   space 32256K, 0% used [0x00000000f7d00000,0x00000000f7d00000,0x00000000f9c80000)
 ParOldGen       total 181248K, used 59360K [0x00000000a0000000, 0x00000000ab100000, 0x00000000e0000000)
  object space 181248K, 32% used [0x00000000a0000000,0x00000000a39f81d8,0x00000000ab100000)
 Metaspace       used 110782K, capacity 118826K, committed 120152K, reserved 1153024K
  class space    used 13880K, capacity 15594K, committed 16000K, reserved 1048576K
Event: 5678.236 GC heap after
Heap after GC invocations=50 (full 6):
 PSYoungGen      total 313856K, used 3364K [0x00000000e0000000, 0x00000000f8080000, 0x0000000100000000)
  eden space 310272K, 0% used [0x00000000e0000000,0x00000000e0000000,0x00000000f2f00000)
  from space 3584K, 93% used [0x00000000f7d00000,0x00000000f80490a8,0x00000000f8080000)
  to   space 31232K, 0% used [0x00000000f4380000,0x00000000f4380000,0x00000000f6200000)
 ParOldGen       total 181248K, used 59360K [0x00000000a0000000, 0x00000000ab100000, 0x00000000e0000000)
  object space 181248K, 32% used [0x00000000a0000000,0x00000000a39f81d8,0x00000000ab100000)
 Metaspace       used 110782K, capacity 118826K, committed 120152K, reserved 1153024K
  class space    used 13880K, capacity 15594K, committed 16000K, reserved 1048576K
}
Event: 8291.145 GC heap before
{Heap before GC invocations=51 (full 6):
 PSYoungGen      total 313856K, used 293665K [0x00000000e0000000, 0x00000000f8080000, 0x0000000100000000)
  eden space 310272K, 93% used [0x00000000e0000000,0x00000000f1b7f608,0x00000000f2f00000)
  from space 3584K, 93% used [0x00000000f7d00000,0x00000000f80490a8,0x00000000f8080000)
  to   space 31232K, 0% used [0x00000000f4380000,0x00000000f4380000,0x00000000f6200000)
 ParOldGen       total 181248K, used 59360K [0x00000000a0000000, 0x00000000ab100000, 0x00000000e0000000)
  object space 181248K, 32% used [0x00000000a0000000,0x00000000a39f81d8,0x00000000ab100000)
 Metaspace       used 111139K, capacity 119450K, committed 120408K, reserved 1153024K
  class space    used 13926K, capacity 15696K, committed 16000K, reserved 1048576K
Event: 8291.362 GC heap after
Heap after GC invocations=51 (full 6):
 PSYoungGen      total 313344K, used 2703K [0x00000000e0000000, 0x00000000f7d80000, 0x0000000100000000)
  eden space 310272K, 0% used [0x00000000e0000000,0x00000000e0000000,0x00000000f2f00000)
  from space 3072K, 88% used [0x00000000f4380000,0x00000000f4623e28,0x00000000f4680000)
  to   space 30720K, 0% used [0x00000000f5f80000,0x00000000f5f80000,0x00000000f7d80000)
 ParOldGen       total 181248K, used 59368K [0x00000000a0000000, 0x00000000ab100000, 0x00000000e0000000)
  object space 181248K, 32% used [0x00000000a0000000,0x00000000a39fa1d8,0x00000000ab100000)
 Metaspace       used 111139K, capacity 119450K, committed 120408K, reserved 1153024K
  class space    used 13926K, capacity 15696K, committed 16000K, reserved 1048576K
}
Event: 8291.362 GC heap before
{Heap before GC invocations=52 (full 7):
 PSYoungGen      total 313344K, used 2703K [0x00000000e0000000, 0x00000000f7d80000, 0x0000000100000000)
  eden space 310272K, 0% used [0x00000000e0000000,0x00000000e0000000,0x00000000f2f00000)
  from space 3072K, 88% used [0x00000000f4380000,0x00000000f4623e28,0x00000000f4680000)
  to   space 30720K, 0% used [0x00000000f5f80000,0x00000000f5f80000,0x00000000f7d80000)
 ParOldGen       total 181248K, used 59368K [0x00000000a0000000, 0x00000000ab100000, 0x00000000e0000000)
  object space 181248K, 32% used [0x00000000a0000000,0x00000000a39fa1d8,0x00000000ab100000)
 Metaspace       used 111139K, capacity 119450K, committed 120408K, reserved 1153024K
  class space    used 13926K, capacity 15696K, committed 16000K, reserved 1048576K
Event: 8292.666 GC heap after
Heap after GC invocations=52 (full 7):
 PSYoungGen      total 313344K, used 0K [0x00000000e0000000, 0x00000000f7d80000, 0x0000000100000000)
  eden space 310272K, 0% used [0x00000000e0000000,0x00000000e0000000,0x00000000f2f00000)
  from space 3072K, 0% used [0x00000000f4380000,0x00000000f4380000,0x00000000f4680000)
  to   space 30720K, 0% used [0x00000000f5f80000,0x00000000f5f80000,0x00000000f7d80000)
 ParOldGen       total 181248K, used 47110K [0x00000000a0000000, 0x00000000ab100000, 0x00000000e0000000)
  object space 181248K, 25% used [0x00000000a0000000,0x00000000a2e018d8,0x00000000ab100000)
 Metaspace       used 108931K, capacity 115118K, committed 120408K, reserved 1153024K
  class space    used 13486K, capacity 14919K, committed 16000K, reserved 1048576K
}
Event: 9053.533 GC heap before
{Heap before GC invocations=53 (full 7):
 PSYoungGen      total 313344K, used 310272K [0x00000000e0000000, 0x00000000f7d80000, 0x0000000100000000)
  eden space 310272K, 100% used [0x00000000e0000000,0x00000000f2f00000,0x00000000f2f00000)
  from space 3072K, 0% used [0x00000000f4380000,0x00000000f4380000,0x00000000f4680000)
  to   space 30720K, 0% used [0x00000000f5f80000,0x00000000f5f80000,0x00000000f7d80000)
 ParOldGen       total 181248K, used 47110K [0x00000000a0000000, 0x00000000ab100000, 0x00000000e0000000)
  object space 181248K, 25% used [0x00000000a0000000,0x00000000a2e018d8,0x00000000ab100000)
 Metaspace       used 110398K, capacity 117344K, committed 120920K, reserved 1155072K
  class space    used 13710K, capacity 15312K, committed 16000K, reserved 1048576K
Event: 9053.590 GC heap after
Heap after GC invocations=53 (full 7):
 PSYoungGen      total 310272K, used 12975K [0x00000000e0000000, 0x00000000f6c80000, 0x0000000100000000)
  eden space 296960K, 0% used [0x00000000e0000000,0x00000000e0000000,0x00000000f2200000)
  from space 13312K, 97% used [0x00000000f5f80000,0x00000000f6c2be48,0x00000000f6c80000)
  to   space 29696K, 0% used [0x00000000f3280000,0x00000000f3280000,0x00000000f4f80000)
 ParOldGen       total 181248K, used 47118K [0x00000000a0000000, 0x00000000ab100000, 0x00000000e0000000)
  object space 181248K, 25% used [0x00000000a0000000,0x00000000a2e038d8,0x00000000ab100000)
 Metaspace       used 110398K, capacity 117344K, committed 120920K, reserved 1155072K
  class space    used 13710K, capacity 15312K, committed 16000K, reserved 1048576K
}

